<?xml version="1.0" encoding="UTF-8"?>
<testng-results ignored="0" total="1" passed="0" failed="1" skipped="0">
  <reporter-output>
  </reporter-output>
  <suite started-at="2021-03-26T19:17:12 IST" name="Default suite" finished-at="2021-03-26T19:17:24 IST" duration-ms="12147">
    <groups>
    </groups>
    <test started-at="2021-03-26T19:17:12 IST" name="Default test" finished-at="2021-03-26T19:17:24 IST" duration-ms="12147">
      <class name="enclouden_assignment.assignment.SalesListTest">
        <test-method is-config="true" signature="InitiateDriver()[pri:0, instance:enclouden_assignment.assignment.SalesListTest@59505b48]" started-at="2021-03-26T19:17:12 IST" name="InitiateDriver" finished-at="2021-03-26T19:17:21 IST" duration-ms="8542" status="PASS">
          <reporter-output>
          </reporter-output>
        </test-method> <!-- InitiateDriver -->
        <test-method signature="BasePageNavigation()[pri:0, instance:enclouden_assignment.assignment.SalesListTest@59505b48]" started-at="2021-03-26T19:17:21 IST" name="BasePageNavigation" finished-at="2021-03-26T19:17:24 IST" duration-ms="3487" status="FAIL">
          <exception class="java.lang.NullPointerException">
            <full-stacktrace>
              <![CDATA[java.lang.NullPointerException
at java.base/java.util.Objects.requireNonNull(Objects.java:221)
at org.openqa.selenium.interactions.PointerInput$Origin.fromElement(PointerInput.java:222)
at org.openqa.selenium.interactions.Actions.moveInTicks(Actions.java:417)
at org.openqa.selenium.interactions.Actions.click(Actions.java:323)
at enclouden_assignment.assignment.SalesListTest.BasePageNavigation(SalesListTest.java:74)
at java.base/jdk.internal.reflect.NativeMethodAccessorImpl.invoke0(Native Method)
at java.base/jdk.internal.reflect.NativeMethodAccessorImpl.invoke(NativeMethodAccessorImpl.java:62)
at java.base/jdk.internal.reflect.DelegatingMethodAccessorImpl.invoke(DelegatingMethodAccessorImpl.java:43)
at java.base/java.lang.reflect.Method.invoke(Method.java:566)
at org.testng.internal.MethodInvocationHelper.invokeMethod(MethodInvocationHelper.java:132)
at org.testng.internal.TestInvoker.invokeMethod(TestInvoker.java:599)
at org.testng.internal.TestInvoker.invokeTestMethod(TestInvoker.java:174)
at org.testng.internal.MethodRunner.runInSequence(MethodRunner.java:46)
at org.testng.internal.TestInvoker$MethodInvocationAgent.invoke(TestInvoker.java:822)
at org.testng.internal.TestInvoker.invokeTestMethods(TestInvoker.java:147)
at org.testng.internal.TestMethodWorker.invokeTestMethods(TestMethodWorker.java:146)
at org.testng.internal.TestMethodWorker.run(TestMethodWorker.java:128)
at java.base/java.util.ArrayList.forEach(ArrayList.java:1540)
at org.testng.TestRunner.privateRun(TestRunner.java:764)
at org.testng.TestRunner.run(TestRunner.java:585)
at org.testng.SuiteRunner.runTest(SuiteRunner.java:384)
at org.testng.SuiteRunner.runSequentially(SuiteRunner.java:378)
at org.testng.SuiteRunner.privateRun(SuiteRunner.java:337)
at org.testng.SuiteRunner.run(SuiteRunner.java:286)
at org.testng.SuiteRunnerWorker.runSuite(SuiteRunnerWorker.java:53)
at org.testng.SuiteRunnerWorker.run(SuiteRunnerWorker.java:96)
at org.testng.TestNG.runSuitesSequentially(TestNG.java:1218)
at org.testng.TestNG.runSuitesLocally(TestNG.java:1140)
at org.testng.TestNG.runSuites(TestNG.java:1069)
at org.testng.TestNG.run(TestNG.java:1037)
at org.testng.remote.AbstractRemoteTestNG.run(AbstractRemoteTestNG.java:115)
at org.testng.remote.RemoteTestNG.initAndRun(RemoteTestNG.java:251)
at org.testng.remote.RemoteTestNG.main(RemoteTestNG.java:77)
]]>
            </full-stacktrace>
          </exception> <!-- java.lang.NullPointerException -->
          <reporter-output>
          </reporter-output>
        </test-method> <!-- BasePageNavigation -->
      </class> <!-- enclouden_assignment.assignment.SalesListTest -->
    </test> <!-- Default test -->
  </suite> <!-- Default suite -->
</testng-results>
